<?xml version="1.0" encoding="UTF-8"?>
<!-- Generated by org.testng.reporters.JUnitReportReporter -->
<testsuite skipped="0" hostname="Damandeeps-MacBook-Pro.local" name="com.api.testCases.TC003_getAllAnime" tests="5" failures="0" timestamp="23 Jun 2021 18:01:03 GMT" time="0.021" errors="0">
  <testcase name="checkStatusCode" time="0.000" classname="com.api.testCases.TC003_getAllAnime"/>
  <testcase name="checkResposeBody" time="0.020" classname="com.api.testCases.TC003_getAllAnime"/>
  <testcase name="checkResponseTime" time="0.000" classname="com.api.testCases.TC003_getAllAnime"/>
  <testcase name="checkContentType" time="0.000" classname="com.api.testCases.TC003_getAllAnime"/>
  <testcase name="checkstatusLine" time="0.001" classname="com.api.testCases.TC003_getAllAnime"/>
</testsuite> <!-- com.api.testCases.TC003_getAllAnime -->
