<?xml version="1.0" encoding="UTF-8"?>
<!-- Generated by org.testng.reporters.JUnitReportReporter -->
<testsuite skipped="0" hostname="Damandeeps-MacBook-Pro.local" name="com.api.testCases.TC002_randomQuotes" tests="3" failures="0" timestamp="23 Jun 2021 18:01:03 GMT" time="3.649" errors="0">
  <testcase name="checkResponseforQuotesbyCharacter" time="1.255" classname="com.api.testCases.TC002_randomQuotes"/>
  <testcase name="checkResposeBodyForRandomQuotesE2E" time="1.177" classname="com.api.testCases.TC002_randomQuotes"/>
  <testcase name="checkResponseforQuotesbyTitle" time="1.217" classname="com.api.testCases.TC002_randomQuotes"/>
</testsuite> <!-- com.api.testCases.TC002_randomQuotes -->
