<?xml version="1.0" encoding="UTF-8"?>
<!-- Generated by org.testng.reporters.JUnitReportReporter -->
<testsuite skipped="0" hostname="Damandeeps-MacBook-Pro.local" name="com.api.testCases.TC01_Quotes" tests="3" failures="0" timestamp="22 Jun 2021 08:16:47 GMT" time="0.003" errors="0">
  <testcase name="checkstatusLine" time="0.001" classname="com.api.testCases.TC01_Quotes"/>
  <testcase name="checkContentType" time="0.002" classname="com.api.testCases.TC01_Quotes"/>
  <testcase name="checkStatusCode" time="0.000" classname="com.api.testCases.TC01_Quotes"/>
</testsuite> <!-- com.api.testCases.TC01_Quotes -->
