<?xml version="1.0" encoding="UTF-8"?>
<!-- Generated by org.testng.reporters.JUnitReportReporter -->
<testsuite skipped="0" hostname="Damandeeps-MacBook-Pro.local" name="com.api.testCases.TC001_Quotes" tests="4" failures="0" timestamp="23 Jun 2021 18:01:03 GMT" time="0.243" errors="0">
  <testcase name="checkstatusLine" time="0.000" classname="com.api.testCases.TC001_Quotes"/>
  <testcase name="checkContentType" time="0.002" classname="com.api.testCases.TC001_Quotes"/>
  <testcase name="checkResposeBody" time="0.241" classname="com.api.testCases.TC001_Quotes"/>
  <testcase name="checkStatusCode" time="0.000" classname="com.api.testCases.TC001_Quotes"/>
</testsuite> <!-- com.api.testCases.TC001_Quotes -->
